<?xml version="1.0" encoding="UTF-8"?>
<!-- Generated by org.testng.reporters.JUnitReportReporter -->
<testsuite skipped="0" hostname="Dell" name="com.Base_utilities.BaseUtility" tests="1" failures="0" timestamp="2022-03-17T14:51:16 IST" time="31.877" errors="0">
  <testcase name="startUp" time="31.877" classname="com.Base_utilities.BaseUtility"/>
  <system-out/>
</testsuite> <!-- com.Base_utilities.BaseUtility -->
